19:38:31 **** Incremental Build of configuration Debug for project DMA_DHCX ****
make -j8 all 
arm-none-eabi-gcc -o "DMA_DHCX.elf" @"objects.list"   -mcpu=cortex-m33 -T"C:\Users\kerem\STM32CubeIDE\workspace_1.19.0\WorkSpaceSteval\Steval_Anomaly\DMA_DHCX\STM32U585AIIXQ_FLASH.ld" --specs=nosys.specs -Wl,-Map="DMA_DHCX.map" -Wl,--gc-sections -static --specs=nano.specs -mfpu=fpv5-sp-d16 -mfloat-abi=hard -mthumb -Wl,--start-group -lc -lm -Wl,--end-group
C:/ST/STM32CubeIDE_1.19.0/STM32CubeIDE/plugins/com.st.stm32cube.ide.mcu.externaltools.gnu-tools-for-stm32.13.3.rel1.win32_1.0.0.202411081344/tools/bin/../lib/gcc/arm-none-eabi/13.3.1/../../../../arm-none-eabi/bin/ld.exe: ./Core/Src/main.o: in function `main':
C:/Users/kerem/STM32CubeIDE/workspace_1.19.0/WorkSpaceSteval/Steval_Anomaly/DMA_DHCX/Debug/../Core/Src/main.c:277:(.text.main+0x38): undefined reference to `dhcx_init'
C:/ST/STM32CubeIDE_1.19.0/STM32CubeIDE/plugins/com.st.stm32cube.ide.mcu.externaltools.gnu-tools-for-stm32.13.3.rel1.win32_1.0.0.202411081344/tools/bin/../lib/gcc/arm-none-eabi/13.3.1/../../../../arm-none-eabi/bin/ld.exe: C:/Users/kerem/STM32CubeIDE/workspace_1.19.0/WorkSpaceSteval/Steval_Anomaly/DMA_DHCX/Debug/../Core/Src/main.c:295:(.text.main+0x7e): undefined reference to `dhcx_both_ready'
C:/ST/STM32CubeIDE_1.19.0/STM32CubeIDE/plugins/com.st.stm32cube.ide.mcu.externaltools.gnu-tools-for-stm32.13.3.rel1.win32_1.0.0.202411081344/tools/bin/../lib/gcc/arm-none-eabi/13.3.1/../../../../arm-none-eabi/bin/ld.exe: C:/Users/kerem/STM32CubeIDE/workspace_1.19.0/WorkSpaceSteval/Steval_Anomaly/DMA_DHCX/Debug/../Core/Src/main.c:297:(.text.main+0x8e): undefined reference to `dhcx_read_gyro_accel_dma'
C:/ST/STM32CubeIDE_1.19.0/STM32CubeIDE/plugins/com.st.stm32cube.ide.mcu.externaltools.gnu-tools-for-stm32.13.3.rel1.win32_1.0.0.202411081344/tools/bin/../lib/gcc/arm-none-eabi/13.3.1/../../../../arm-none-eabi/bin/ld.exe: ./Core/Src/main.o: in function `dhcx_read_dma':
C:/Users/kerem/STM32CubeIDE/workspace_1.19.0/WorkSpaceSteval/Steval_Anomaly/DMA_DHCX/Debug/../Core/Src/main.c:1710:(.text.dhcx_read_dma+0x3a): undefined reference to `cs_low'
C:/ST/STM32CubeIDE_1.19.0/STM32CubeIDE/plugins/com.st.stm32cube.ide.mcu.externaltools.gnu-tools-for-stm32.13.3.rel1.win32_1.0.0.202411081344/tools/bin/../lib/gcc/arm-none-eabi/13.3.1/../../../../arm-none-eabi/bin/ld.exe: C:/Users/kerem/STM32CubeIDE/workspace_1.19.0/WorkSpaceSteval/Steval_Anomaly/DMA_DHCX/Debug/../Core/Src/main.c:1717:(.text.dhcx_read_dma+0x6c): undefined reference to `cs_high'
C:/ST/STM32CubeIDE_1.19.0/STM32CubeIDE/plugins/com.st.stm32cube.ide.mcu.externaltools.gnu-tools-for-stm32.13.3.rel1.win32_1.0.0.202411081344/tools/bin/../lib/gcc/arm-none-eabi/13.3.1/../../../../arm-none-eabi/bin/ld.exe: C:/Users/kerem/STM32CubeIDE/workspace_1.19.0/WorkSpaceSteval/Steval_Anomaly/DMA_DHCX/Debug/../Core/Src/main.c:1723:(.text.dhcx_read_dma+0x80): undefined reference to `cs_high'
collect2.exe: error: ld returned 1 exit status
make: *** [makefile:67: DMA_DHCX.elf] Error 1
"make -j8 all" terminated with exit code 2. Build might be incomplete.
19:39:15 **** Incremental Build of configuration Debug for project DMA_DHCX ****
make -j8 all 
arm-none-eabi-gcc -o "DMA_DHCX.elf" @"objects.list"   -mcpu=cortex-m33 -T"C:\Users\kerem\STM32CubeIDE\workspace_1.19.0\WorkSpaceSteval\Steval_Anomaly\DMA_DHCX\STM32U585AIIXQ_FLASH.ld" --specs=nosys.specs -Wl,-Map="DMA_DHCX.map" -Wl,--gc-sections -static --specs=nano.specs -mfpu=fpv5-sp-d16 -mfloat-abi=hard -mthumb -Wl,--start-group -lc -lm -Wl,--end-group
C:/ST/STM32CubeIDE_1.19.0/STM32CubeIDE/plugins/com.st.stm32cube.ide.mcu.externaltools.gnu-tools-for-stm32.13.3.rel1.win32_1.0.0.202411081344/tools/bin/../lib/gcc/arm-none-eabi/13.3.1/../../../../arm-none-eabi/bin/ld.exe: ./Core/Src/main.o: in function `main':
C:/Users/kerem/STM32CubeIDE/workspace_1.19.0/WorkSpaceSteval/Steval_Anomaly/DMA_DHCX/Debug/../Core/Src/main.c:277:(.text.main+0x38): undefined reference to `dhcx_init'
C:/ST/STM32CubeIDE_1.19.0/STM32CubeIDE/plugins/com.st.stm32cube.ide.mcu.externaltools.gnu-tools-for-stm32.13.3.rel1.win32_1.0.0.202411081344/tools/bin/../lib/gcc/arm-none-eabi/13.3.1/../../../../arm-none-eabi/bin/ld.exe: C:/Users/kerem/STM32CubeIDE/workspace_1.19.0/WorkSpaceSteval/Steval_Anomaly/DMA_DHCX/Debug/../Core/Src/main.c:295:(.text.main+0x7e): undefined reference to `dhcx_both_ready'
C:/ST/STM32CubeIDE_1.19.0/STM32CubeIDE/plugins/com.st.stm32cube.ide.mcu.externaltools.gnu-tools-for-stm32.13.3.rel1.win32_1.0.0.202411081344/tools/bin/../lib/gcc/arm-none-eabi/13.3.1/../../../../arm-none-eabi/bin/ld.exe: C:/Users/kerem/STM32CubeIDE/workspace_1.19.0/WorkSpaceSteval/Steval_Anomaly/DMA_DHCX/Debug/../Core/Src/main.c:297:(.text.main+0x8e): undefined reference to `dhcx_read_gyro_accel_dma'
C:/ST/STM32CubeIDE_1.19.0/STM32CubeIDE/plugins/com.st.stm32cube.ide.mcu.externaltools.gnu-tools-for-stm32.13.3.rel1.win32_1.0.0.202411081344/tools/bin/../lib/gcc/arm-none-eabi/13.3.1/../../../../arm-none-eabi/bin/ld.exe: ./Core/Src/main.o: in function `dhcx_read_dma':
C:/Users/kerem/STM32CubeIDE/workspace_1.19.0/WorkSpaceSteval/Steval_Anomaly/DMA_DHCX/Debug/../Core/Src/main.c:1710:(.text.dhcx_read_dma+0x3a): undefined reference to `cs_low'
C:/ST/STM32CubeIDE_1.19.0/STM32CubeIDE/plugins/com.st.stm32cube.ide.mcu.externaltools.gnu-tools-for-stm32.13.3.rel1.win32_1.0.0.202411081344/tools/bin/../lib/gcc/arm-none-eabi/13.3.1/../../../../arm-none-eabi/bin/ld.exe: C:/Users/kerem/STM32CubeIDE/workspace_1.19.0/WorkSpaceSteval/Steval_Anomaly/DMA_DHCX/Debug/../Core/Src/main.c:1717:(.text.dhcx_read_dma+0x6c): undefined reference to `cs_high'
C:/ST/STM32CubeIDE_1.19.0/STM32CubeIDE/plugins/com.st.stm32cube.ide.mcu.externaltools.gnu-tools-for-stm32.13.3.rel1.win32_1.0.0.202411081344/tools/bin/../lib/gcc/arm-none-eabi/13.3.1/../../../../arm-none-eabi/bin/ld.exe: C:/Users/kerem/STM32CubeIDE/workspace_1.19.0/WorkSpaceSteval/Steval_Anomaly/DMA_DHCX/Debug/../Core/Src/main.c:1723:(.text.dhcx_read_dma+0x80): undefined reference to `cs_high'
collect2.exe: error: ld returned 1 exit status
make: *** [makefile:67: DMA_DHCX.elf] Error 1
"make -j8 all" terminated with exit code 2. Build might be incomplete.
19:47:54 **** Incremental Build of configuration Debug for project DMA_DHCX ****
make -j8 all 
arm-none-eabi-gcc "../Core/Src/main.c" -mcpu=cortex-m33 -std=gnu11 -g3 -DDEBUG -DUSE_HAL_DRIVER -DSTM32U585xx -c -I../Core/Inc -I../Drivers/STM32U5xx_HAL_Driver/Inc -I../Drivers/STM32U5xx_HAL_Driver/Inc/Legacy -I../Drivers/CMSIS/Device/ST/STM32U5xx/Include -I../Drivers/CMSIS/Include -O0 -ffunction-sections -fdata-sections -Wall -fstack-usage -fcyclomatic-complexity -MMD -MP -MF"Core/Src/main.d" -MT"Core/Src/main.o" --specs=nano.specs -mfpu=fpv5-sp-d16 -mfloat-abi=hard -mthumb -o "Core/Src/main.o"
../Core/Src/main.c:1686:25: error: redefinition of 'spi2_dma_done'
 1686 | static volatile uint8_t spi2_dma_done = 0;   // define ONCE in this file
      |                         ^~~~~~~~~~~~~
../Core/Src/main.c:132:25: note: previous definition of 'spi2_dma_done' with type 'uint8_t' {aka 'volatile unsigned char'}
  132 | static volatile uint8_t spi2_dma_done = 0;
      |                         ^~~~~~~~~~~~~
../Core/Src/main.c:1445:13: warning: 'MX_USB_OTG_FS_PCD_Init' defined but not used [-Wunused-function]
 1445 | static void MX_USB_OTG_FS_PCD_Init(void)
      |             ^~~~~~~~~~~~~~~~~~~~~~
../Core/Src/main.c:1397:13: warning: 'MX_USART3_UART_Init' defined but not used [-Wunused-function]
 1397 | static void MX_USART3_UART_Init(void)
      |             ^~~~~~~~~~~~~~~~~~~
../Core/Src/main.c:1301:13: warning: 'MX_TIM3_Init' defined but not used [-Wunused-function]
 1301 | static void MX_TIM3_Init(void)
      |             ^~~~~~~~~~~~
../Core/Src/main.c:1252:13: warning: 'MX_TAMP_RTC_Init' defined but not used [-Wunused-function]
 1252 | static void MX_TAMP_RTC_Init(void)
      |             ^~~~~~~~~~~~~~~~
../Core/Src/main.c:1195:13: warning: 'MX_SPI3_Init' defined but not used [-Wunused-function]
 1195 | static void MX_SPI3_Init(void)
      |             ^~~~~~~~~~~~
../Core/Src/main.c:1081:13: warning: 'MX_SPI1_Init' defined but not used [-Wunused-function]
 1081 | static void MX_SPI1_Init(void)
      |             ^~~~~~~~~~~~
../Core/Src/main.c:1050:13: warning: 'MX_SDMMC1_SD_Init' defined but not used [-Wunused-function]
 1050 | static void MX_SDMMC1_SD_Init(void)
      |             ^~~~~~~~~~~~~~~~~
../Core/Src/main.c:966:13: warning: 'MX_SAI1_Init' defined but not used [-Wunused-function]
  966 | static void MX_SAI1_Init(void)
      |             ^~~~~~~~~~~~
../Core/Src/main.c:918:13: warning: 'MX_RTC_Init' defined but not used [-Wunused-function]
  918 | static void MX_RTC_Init(void)
      |             ^~~~~~~~~~~
../Core/Src/main.c:886:13: warning: 'MX_ICACHE_Init' defined but not used [-Wunused-function]
  886 | static void MX_ICACHE_Init(void)
      |             ^~~~~~~~~~~~~~
../Core/Src/main.c:838:13: warning: 'MX_I2C3_Init' defined but not used [-Wunused-function]
  838 | static void MX_I2C3_Init(void)
      |             ^~~~~~~~~~~~
../Core/Src/main.c:790:13: warning: 'MX_I2C2_Init' defined but not used [-Wunused-function]
  790 | static void MX_I2C2_Init(void)
      |             ^~~~~~~~~~~~
../Core/Src/main.c:742:13: warning: 'MX_I2C1_Init' defined but not used [-Wunused-function]
  742 | static void MX_I2C1_Init(void)
      |             ^~~~~~~~~~~~
../Core/Src/main.c:649:13: warning: 'MX_DAC1_Init' defined but not used [-Wunused-function]
  649 | static void MX_DAC1_Init(void)
      |             ^~~~~~~~~~~~
../Core/Src/main.c:595:13: warning: 'MX_MDF1_Init' defined but not used [-Wunused-function]
  595 | static void MX_MDF1_Init(void)
      |             ^~~~~~~~~~~~
../Core/Src/main.c:532:13: warning: 'MX_ADF1_Init' defined but not used [-Wunused-function]
  532 | static void MX_ADF1_Init(void)
      |             ^~~~~~~~~~~~
../Core/Src/main.c:488:13: warning: 'MX_ADC1_Init' defined but not used [-Wunused-function]
  488 | static void MX_ADC1_Init(void)
      |             ^~~~~~~~~~~~
../Core/Src/main.c:471:13: warning: 'SystemPower_Config' defined but not used [-Wunused-function]
  471 | static void SystemPower_Config(void)
      |             ^~~~~~~~~~~~~~~~~~
../Core/Src/main.c:131:17: warning: 'spi_rx' defined but not used [-Wunused-variable]
  131 | static uint8_t  spi_rx[32];
      |                 ^~~~~~
../Core/Src/main.c:130:17: warning: 'spi_tx' defined but not used [-Wunused-variable]
  130 | static uint8_t  spi_tx[32];
      |                 ^~~~~~
make: *** [Core/Src/subdir.mk:34: Core/Src/main.o] Error 1
"make -j8 all" terminated with exit code 2. Build might be incomplete.
19:49:34 **** Incremental Build of configuration Debug for project DMA_DHCX ****
make -j8 all 
arm-none-eabi-gcc "../Core/Src/main.c" -mcpu=cortex-m33 -std=gnu11 -g3 -DDEBUG -DUSE_HAL_DRIVER -DSTM32U585xx -c -I../Core/Inc -I../Drivers/STM32U5xx_HAL_Driver/Inc -I../Drivers/STM32U5xx_HAL_Driver/Inc/Legacy -I../Drivers/CMSIS/Device/ST/STM32U5xx/Include -I../Drivers/CMSIS/Include -O0 -ffunction-sections -fdata-sections -Wall -fstack-usage -fcyclomatic-complexity -MMD -MP -MF"Core/Src/main.d" -MT"Core/Src/main.o" --specs=nano.specs -mfpu=fpv5-sp-d16 -mfloat-abi=hard -mthumb -o "Core/Src/main.o"
../Core/Src/main.c:1444:13: warning: 'MX_USB_OTG_FS_PCD_Init' defined but not used [-Wunused-function]
 1444 | static void MX_USB_OTG_FS_PCD_Init(void)
      |             ^~~~~~~~~~~~~~~~~~~~~~
../Core/Src/main.c:1396:13: warning: 'MX_USART3_UART_Init' defined but not used [-Wunused-function]
 1396 | static void MX_USART3_UART_Init(void)
      |             ^~~~~~~~~~~~~~~~~~~
../Core/Src/main.c:1300:13: warning: 'MX_TIM3_Init' defined but not used [-Wunused-function]
 1300 | static void MX_TIM3_Init(void)
      |             ^~~~~~~~~~~~
../Core/Src/main.c:1251:13: warning: 'MX_TAMP_RTC_Init' defined but not used [-Wunused-function]
 1251 | static void MX_TAMP_RTC_Init(void)
      |             ^~~~~~~~~~~~~~~~
../Core/Src/main.c:1194:13: warning: 'MX_SPI3_Init' defined but not used [-Wunused-function]
 1194 | static void MX_SPI3_Init(void)
      |             ^~~~~~~~~~~~
../Core/Src/main.c:1080:13: warning: 'MX_SPI1_Init' defined but not used [-Wunused-function]
 1080 | static void MX_SPI1_Init(void)
      |             ^~~~~~~~~~~~
../Core/Src/main.c:1049:13: warning: 'MX_SDMMC1_SD_Init' defined but not used [-Wunused-function]
 1049 | static void MX_SDMMC1_SD_Init(void)
      |             ^~~~~~~~~~~~~~~~~
../Core/Src/main.c:965:13: warning: 'MX_SAI1_Init' defined but not used [-Wunused-function]
  965 | static void MX_SAI1_Init(void)
      |             ^~~~~~~~~~~~
../Core/Src/main.c:917:13: warning: 'MX_RTC_Init' defined but not used [-Wunused-function]
  917 | static void MX_RTC_Init(void)
      |             ^~~~~~~~~~~
../Core/Src/main.c:885:13: warning: 'MX_ICACHE_Init' defined but not used [-Wunused-function]
  885 | static void MX_ICACHE_Init(void)
      |             ^~~~~~~~~~~~~~
../Core/Src/main.c:837:13: warning: 'MX_I2C3_Init' defined but not used [-Wunused-function]
  837 | static void MX_I2C3_Init(void)
      |             ^~~~~~~~~~~~
../Core/Src/main.c:789:13: warning: 'MX_I2C2_Init' defined but not used [-Wunused-function]
  789 | static void MX_I2C2_Init(void)
      |             ^~~~~~~~~~~~
../Core/Src/main.c:741:13: warning: 'MX_I2C1_Init' defined but not used [-Wunused-function]
  741 | static void MX_I2C1_Init(void)
      |             ^~~~~~~~~~~~
../Core/Src/main.c:648:13: warning: 'MX_DAC1_Init' defined but not used [-Wunused-function]
  648 | static void MX_DAC1_Init(void)
      |             ^~~~~~~~~~~~
../Core/Src/main.c:594:13: warning: 'MX_MDF1_Init' defined but not used [-Wunused-function]
  594 | static void MX_MDF1_Init(void)
      |             ^~~~~~~~~~~~
../Core/Src/main.c:531:13: warning: 'MX_ADF1_Init' defined but not used [-Wunused-function]
  531 | static void MX_ADF1_Init(void)
      |             ^~~~~~~~~~~~
../Core/Src/main.c:487:13: warning: 'MX_ADC1_Init' defined but not used [-Wunused-function]
  487 | static void MX_ADC1_Init(void)
      |             ^~~~~~~~~~~~
../Core/Src/main.c:470:13: warning: 'SystemPower_Config' defined but not used [-Wunused-function]
  470 | static void SystemPower_Config(void)
      |             ^~~~~~~~~~~~~~~~~~
../Core/Src/main.c:131:17: warning: 'spi_rx' defined but not used [-Wunused-variable]
  131 | static uint8_t  spi_rx[32];
      |                 ^~~~~~
../Core/Src/main.c:130:17: warning: 'spi_tx' defined but not used [-Wunused-variable]
  130 | static uint8_t  spi_tx[32];
      |                 ^~~~~~
arm-none-eabi-gcc -o "DMA_DHCX.elf" @"objects.list"   -mcpu=cortex-m33 -T"C:\Users\kerem\STM32CubeIDE\workspace_1.19.0\WorkSpaceSteval\Steval_Anomaly\DMA_DHCX\STM32U585AIIXQ_FLASH.ld" --specs=nosys.specs -Wl,-Map="DMA_DHCX.map" -Wl,--gc-sections -static --specs=nano.specs -mfpu=fpv5-sp-d16 -mfloat-abi=hard -mthumb -Wl,--start-group -lc -lm -Wl,--end-group
Finished building target: DMA_DHCX.elf
 
arm-none-eabi-size  DMA_DHCX.elf 
arm-none-eabi-objdump -h -S DMA_DHCX.elf  > "DMA_DHCX.list"
arm-none-eabi-objcopy  -O binary DMA_DHCX.elf  "DMA_DHCX.bin"
   text	   data	    bss	    dec	    hex	filename
  41455	     96	   3064	  44615	   ae47	DMA_DHCX.elf
Finished building: default.size.stdout
 
Finished building: DMA_DHCX.list
 
Finished building: DMA_DHCX.bin
 
19:49:54 **** Incremental Build of configuration Debug for project DMA_DHCX ****
make -j8 all 
arm-none-eabi-size  DMA_DHCX.elf 
   text	   data	    bss	    dec	    hex	filename
  41455	     96	   3064	  44615	   ae47	DMA_DHCX.elf
Finished building: default.size.stdout
 
19:50:34 **** Incremental Build of configuration Debug for project DMA_DHCX ****
make -j8 all 
arm-none-eabi-size  DMA_DHCX.elf 
   text	   data	    bss	    dec	    hex	filename
  41455	     96	   3064	  44615	   ae47	DMA_DHCX.elf
Finished building: default.size.stdout
 
20:06:07 **** Incremental Build of configuration Debug for project DMA_DHCX ****
make -j8 all 
arm-none-eabi-gcc "../Core/Src/main.c" -mcpu=cortex-m33 -std=gnu11 -g3 -DDEBUG -DUSE_HAL_DRIVER -DSTM32U585xx -c -I../Core/Inc -I../Drivers/STM32U5xx_HAL_Driver/Inc -I../Drivers/STM32U5xx_HAL_Driver/Inc/Legacy -I../Drivers/CMSIS/Device/ST/STM32U5xx/Include -I../Drivers/CMSIS/Include -O0 -ffunction-sections -fdata-sections -Wall -fstack-usage -fcyclomatic-complexity -MMD -MP -MF"Core/Src/main.d" -MT"Core/Src/main.o" --specs=nano.specs -mfpu=fpv5-sp-d16 -mfloat-abi=hard -mthumb -o "Core/Src/main.o"
../Core/Src/main.c:1444:13: warning: 'MX_USB_OTG_FS_PCD_Init' defined but not used [-Wunused-function]
 1444 | static void MX_USB_OTG_FS_PCD_Init(void)
      |             ^~~~~~~~~~~~~~~~~~~~~~
../Core/Src/main.c:1396:13: warning: 'MX_USART3_UART_Init' defined but not used [-Wunused-function]
 1396 | static void MX_USART3_UART_Init(void)
      |             ^~~~~~~~~~~~~~~~~~~
../Core/Src/main.c:1300:13: warning: 'MX_TIM3_Init' defined but not used [-Wunused-function]
 1300 | static void MX_TIM3_Init(void)
      |             ^~~~~~~~~~~~
../Core/Src/main.c:1251:13: warning: 'MX_TAMP_RTC_Init' defined but not used [-Wunused-function]
 1251 | static void MX_TAMP_RTC_Init(void)
      |             ^~~~~~~~~~~~~~~~
../Core/Src/main.c:1194:13: warning: 'MX_SPI3_Init' defined but not used [-Wunused-function]
 1194 | static void MX_SPI3_Init(void)
      |             ^~~~~~~~~~~~
../Core/Src/main.c:1080:13: warning: 'MX_SPI1_Init' defined but not used [-Wunused-function]
 1080 | static void MX_SPI1_Init(void)
      |             ^~~~~~~~~~~~
../Core/Src/main.c:1049:13: warning: 'MX_SDMMC1_SD_Init' defined but not used [-Wunused-function]
 1049 | static void MX_SDMMC1_SD_Init(void)
      |             ^~~~~~~~~~~~~~~~~
../Core/Src/main.c:965:13: warning: 'MX_SAI1_Init' defined but not used [-Wunused-function]
  965 | static void MX_SAI1_Init(void)
      |             ^~~~~~~~~~~~
../Core/Src/main.c:917:13: warning: 'MX_RTC_Init' defined but not used [-Wunused-function]
  917 | static void MX_RTC_Init(void)
      |             ^~~~~~~~~~~
../Core/Src/main.c:885:13: warning: 'MX_ICACHE_Init' defined but not used [-Wunused-function]
  885 | static void MX_ICACHE_Init(void)
      |             ^~~~~~~~~~~~~~
../Core/Src/main.c:837:13: warning: 'MX_I2C3_Init' defined but not used [-Wunused-function]
  837 | static void MX_I2C3_Init(void)
      |             ^~~~~~~~~~~~
../Core/Src/main.c:789:13: warning: 'MX_I2C2_Init' defined but not used [-Wunused-function]
  789 | static void MX_I2C2_Init(void)
      |             ^~~~~~~~~~~~
../Core/Src/main.c:741:13: warning: 'MX_I2C1_Init' defined but not used [-Wunused-function]
  741 | static void MX_I2C1_Init(void)
      |             ^~~~~~~~~~~~
../Core/Src/main.c:648:13: warning: 'MX_DAC1_Init' defined but not used [-Wunused-function]
  648 | static void MX_DAC1_Init(void)
      |             ^~~~~~~~~~~~
../Core/Src/main.c:594:13: warning: 'MX_MDF1_Init' defined but not used [-Wunused-function]
  594 | static void MX_MDF1_Init(void)
      |             ^~~~~~~~~~~~
../Core/Src/main.c:531:13: warning: 'MX_ADF1_Init' defined but not used [-Wunused-function]
  531 | static void MX_ADF1_Init(void)
      |             ^~~~~~~~~~~~
../Core/Src/main.c:487:13: warning: 'MX_ADC1_Init' defined but not used [-Wunused-function]
  487 | static void MX_ADC1_Init(void)
      |             ^~~~~~~~~~~~
../Core/Src/main.c:470:13: warning: 'SystemPower_Config' defined but not used [-Wunused-function]
  470 | static void SystemPower_Config(void)
      |             ^~~~~~~~~~~~~~~~~~
../Core/Src/main.c:131:17: warning: 'spi_rx' defined but not used [-Wunused-variable]
  131 | static uint8_t  spi_rx[32];
      |                 ^~~~~~
../Core/Src/main.c:130:17: warning: 'spi_tx' defined but not used [-Wunused-variable]
  130 | static uint8_t  spi_tx[32];
      |                 ^~~~~~
arm-none-eabi-gcc -o "DMA_DHCX.elf" @"objects.list"   -mcpu=cortex-m33 -T"C:\Users\kerem\STM32CubeIDE\workspace_1.19.0\WorkSpaceSteval\Steval_Anomaly\DMA_DHCX\STM32U585AIIXQ_FLASH.ld" --specs=nosys.specs -Wl,-Map="DMA_DHCX.map" -Wl,--gc-sections -static --specs=nano.specs -mfpu=fpv5-sp-d16 -mfloat-abi=hard -mthumb -Wl,--start-group -lc -lm -Wl,--end-group
Finished building target: DMA_DHCX.elf
 
arm-none-eabi-size  DMA_DHCX.elf 
arm-none-eabi-objdump -h -S DMA_DHCX.elf  > "DMA_DHCX.list"
arm-none-eabi-objcopy  -O binary DMA_DHCX.elf  "DMA_DHCX.bin"
   text	   data	    bss	    dec	    hex	filename
  41455	     96	   3064	  44615	   ae47	DMA_DHCX.elf
Finished building: default.size.stdout
 
Finished building: DMA_DHCX.bin
 
Finished building: DMA_DHCX.list
 
20:06:15 **** Incremental Build of configuration Debug for project DMA_DHCX ****
make -j8 all 
arm-none-eabi-size  DMA_DHCX.elf 
   text	   data	    bss	    dec	    hex	filename
  41455	     96	   3064	  44615	   ae47	DMA_DHCX.elf
Finished building: default.size.stdout
 
20:06:59 **** Incremental Build of configuration Debug for project DMA_DHCX ****
make -j8 all 
arm-none-eabi-size  DMA_DHCX.elf 
   text	   data	    bss	    dec	    hex	filename
  41455	     96	   3064	  44615	   ae47	DMA_DHCX.elf
Finished building: default.size.stdout
 
